# JRE version: OpenJDK Runtime Environment (11.0.13) (build 11.0.13+0-b1751.21-8125866)
# Java VM: OpenJDK 64-Bit Server VM (11.0.13+0-b1751.21-8125866, mixed mode, tiered, compressed oops, g1 gc, windows-amd64)
Heap:
 garbage-first heap   total 126976K, used 27742K [0x0000000084000000, 0x0000000100000000)
  region size 1024K, 17 young (17408K), 6 survivors (6144K)
 Metaspace       used 32422K, capacity 33132K, committed 33328K, reserved 1079296K
  class space    used 3655K, capacity 3869K, committed 3968K, reserved 1048576K
GC Heap History (6 events):
Event: 1.055 GC heap before
{Heap before GC invocations=0 (full 0):
 garbage-first heap   total 126976K, used 27648K [0x0000000084000000, 0x0000000100000000)
  region size 1024K, 24 young (24576K), 0 survivors (0K)
 Metaspace       used 15812K, capacity 16160K, committed 16384K, reserved 1064960K
  class space    used 1659K, capacity 1738K, committed 1792K, reserved 1048576K
}
Event: 1.060 GC heap after
{Heap after GC invocations=1 (full 0):
 garbage-first heap   total 126976K, used 6512K [0x0000000084000000, 0x0000000100000000)
  region size 1024K, 3 young (3072K), 3 survivors (3072K)
 Metaspace       used 15812K, capacity 16160K, committed 16384K, reserved 1064960K
  class space    used 1659K, capacity 1738K, committed 1792K, reserved 1048576K
}
Event: 1.475 GC heap before
{Heap before GC invocations=1 (full 0):
 garbage-first heap   total 126976K, used 20848K [0x0000000084000000, 0x0000000100000000)
  region size 1024K, 18 young (18432K), 3 survivors (3072K)
 Metaspace       used 20580K, capacity 21114K, committed 21296K, reserved 1069056K
  class space    used 2182K, capacity 2322K, committed 2432K, reserved 1048576K
}
Event: 1.482 GC heap after
{Heap after GC invocations=2 (full 0):
 garbage-first heap   total 126976K, used 9303K [0x0000000084000000, 0x0000000100000000)
  region size 1024K, 6 young (6144K), 6 survivors (6144K)
 Metaspace       used 20580K, capacity 21114K, committed 21296K, reserved 1069056K
  class space    used 2182K, capacity 2322K, committed 2432K, reserved 1048576K
}
Event: 2.401 GC heap before
{Heap before GC invocations=3 (full 0):
 garbage-first heap   total 126976K, used 47191K [0x0000000084000000, 0x0000000100000000)
  region size 1024K, 43 young (44032K), 6 survivors (6144K)
 Metaspace       used 29435K, capacity 30167K, committed 30384K, reserved 1077248K
  class space    used 3250K, capacity 3501K, committed 3584K, reserved 1048576K
}
Event: 2.412 GC heap after
{Heap after GC invocations=4 (full 0):
 garbage-first heap   total 126976K, used 12382K [0x0000000084000000, 0x0000000100000000)
  region size 1024K, 6 young (6144K), 6 survivors (6144K)
 Metaspace       used 29435K, capacity 30167K, committed 30384K, reserved 1077248K
  class space    used 3250K, capacity 3501K, committed 3584K, reserved 1048576K
}

